<?xml version="1.0" encoding="UTF-8"?>
<robot generator="Robot 7.0 (Python 3.13.1 on win32)" generated="2025-02-11T23:37:43.015634" rpa="false" schemaversion="5">
<suite id="s1" name="Flights.Feature" source="C:\Testinium-Booking\features-frontend\flights.feature.robot">
<kw name="Open BookingApp" owner="home.steps" type="SETUP">
<kw name="Run Keyword If" owner="BuiltIn">
<kw name="Create Chrome browser" owner="webdrivers">
<kw name="Get Main Url" owner="readProperty">
<msg time="2025-02-11T23:37:43.397478" level="INFO">${URL} = https://www.booking.com/</msg>
<var>${URL}</var>
<arg>${ENVIRONMENT}</arg>
<status status="PASS" start="2025-02-11T23:37:43.397361" elapsed="0.000141"/>
</kw>
<kw name="Evaluate" owner="BuiltIn">
<msg time="2025-02-11T23:37:43.397770" level="INFO">${chrome_options} = &lt;selenium.webdriver.chrome.options.Options object at 0x000002079CFA12B0&gt;</msg>
<var>${chrome_options}</var>
<arg>sys.modules['selenium.webdriver'].ChromeOptions()</arg>
<arg>sys, selenium.webdriver</arg>
<doc>Evaluates the given expression in Python and returns the result.</doc>
<status status="PASS" start="2025-02-11T23:37:43.397602" elapsed="0.000188"/>
</kw>
<kw name="Call Method" owner="BuiltIn">
<arg>${chrome_options}</arg>
<arg>add_argument</arg>
<arg>--no-sandbox</arg>
<doc>Calls the named method of the given object with the provided arguments.</doc>
<status status="PASS" start="2025-02-11T23:37:43.397871" elapsed="0.000079"/>
</kw>
<kw name="Call Method" owner="BuiltIn">
<arg>${chrome_options}</arg>
<arg>add_argument</arg>
<arg>--disable-gpu</arg>
<doc>Calls the named method of the given object with the provided arguments.</doc>
<status status="PASS" start="2025-02-11T23:37:43.398017" elapsed="0.000092"/>
</kw>
<kw name="Call Method" owner="BuiltIn">
<arg>${chrome_options}</arg>
<arg>add_argument</arg>
<arg>--disable-infobars</arg>
<doc>Calls the named method of the given object with the provided arguments.</doc>
<status status="PASS" start="2025-02-11T23:37:43.398186" elapsed="0.000061"/>
</kw>
<kw name="Call Method" owner="BuiltIn">
<arg>${chrome_options}</arg>
<arg>add_argument</arg>
<arg>--disable-extensions</arg>
<doc>Calls the named method of the given object with the provided arguments.</doc>
<status status="PASS" start="2025-02-11T23:37:43.398305" elapsed="0.000057"/>
</kw>
<kw name="Call Method" owner="BuiltIn">
<arg>${chrome_options}</arg>
<arg>add_argument</arg>
<arg>--disable-dev-shm-usage</arg>
<doc>Calls the named method of the given object with the provided arguments.</doc>
<status status="PASS" start="2025-02-11T23:37:43.398417" elapsed="0.000055"/>
</kw>
<kw name="Open Browser" owner="SeleniumLibrary">
<msg time="2025-02-11T23:37:43.398721" level="INFO">Opening browser 'chrome' to base url 'https://www.booking.com/'.</msg>
<arg>${URL}</arg>
<arg>browser=${BROWSER}</arg>
<arg>options=${chrome_options}</arg>
<doc>Opens a new browser instance to the optional ``url``.</doc>
<status status="PASS" start="2025-02-11T23:37:43.398557" elapsed="3.345573"/>
</kw>
<kw name="Set Global Variable" owner="BuiltIn">
<msg time="2025-02-11T23:37:46.744742" level="INFO">${URL} = https://www.booking.com/</msg>
<arg>${URL}</arg>
<doc>Makes a variable available globally in all tests and suites.</doc>
<status status="PASS" start="2025-02-11T23:37:46.744423" elapsed="0.000384"/>
</kw>
<return>
<value>${URL}</value>
<status status="PASS" start="2025-02-11T23:37:46.744919" elapsed="0.000102"/>
</return>
<arg>${BROWSER}</arg>
<status status="PASS" start="2025-02-11T23:37:43.397193" elapsed="3.348015"/>
</kw>
<msg time="2025-02-11T23:37:46.745312" level="INFO">${URL} = https://www.booking.com/</msg>
<var>${URL}</var>
<arg>"${BROWSER}" == 'chrome'</arg>
<arg>Create Chrome browser</arg>
<arg>${BROWSER}</arg>
<arg>ELSE IF</arg>
<arg>"${BROWSER}" == 'edge'</arg>
<arg>Run Keyword</arg>
<arg>Create edge browser</arg>
<arg>${BROWSER}</arg>
<arg>ELSE IF</arg>
<arg>"${BROWSER}" == 'firefox'</arg>
<arg>Run Keyword</arg>
<arg>Create edge browser</arg>
<arg>${BROWSER}</arg>
<arg>ELSE</arg>
<arg>Fail</arg>
<arg>The browser selection is not valid</arg>
<doc>Runs the given keyword with the given arguments, if ``condition`` is true.</doc>
<status status="PASS" start="2025-02-11T23:37:43.396921" elapsed="3.348415"/>
</kw>
<kw name="Maximize Browser Window" owner="SeleniumLibrary">
<doc>Maximizes current browser window.</doc>
<status status="PASS" start="2025-02-11T23:37:46.745553" elapsed="0.104692"/>
</kw>
<kw name="Accept Cookies" owner="home.steps">
<kw name="Click Element" owner="SeleniumLibrary">
<msg time="2025-02-11T23:37:46.851662" level="INFO">Clicking element 'css=#onetrust-accept-btn-handler'.</msg>
<arg>css=${ACCEPT_COOKIES}</arg>
<doc>Click the element identified by ``locator``.</doc>
<status status="PASS" start="2025-02-11T23:37:46.850759" elapsed="0.344300"/>
</kw>
<status status="PASS" start="2025-02-11T23:37:46.850495" elapsed="0.344731"/>
</kw>
<kw name="Set language preferences" owner="home.steps">
<kw name="Click Element" owner="SeleniumLibrary">
<msg time="2025-02-11T23:37:47.195955" level="INFO">Clicking element 'css=.f419a93f12:nth-child(2) .e3fa9175ee'.</msg>
<arg>${LANGUAGE_PREF_DRAWER}</arg>
<doc>Click the element identified by ``locator``.</doc>
<status status="PASS" start="2025-02-11T23:37:47.195751" elapsed="1.138779"/>
</kw>
<kw name="Wait Until Element Is Visible" owner="SeleniumLibrary">
<arg>${LANGUAGE_ENG}</arg>
<doc>Waits until the element ``locator`` is visible.</doc>
<status status="PASS" start="2025-02-11T23:37:48.334716" elapsed="0.027828"/>
</kw>
<kw name="Click Element" owner="SeleniumLibrary">
<msg time="2025-02-11T23:37:48.362900" level="INFO">Clicking element 'css=.c624d7469d:nth-child(1) &gt; .c624d7469d:nth-child(1) &gt; .Picker_selection-list:nth-child(2) .b817090550:nth-child(2) .Picker_selection-text:nth-child(1)'.</msg>
<arg>${LANGUAGE_ENG}</arg>
<doc>Click the element identified by ``locator``.</doc>
<status status="PASS" start="2025-02-11T23:37:48.362715" elapsed="1.839504"/>
</kw>
<kw name="Sleep" owner="BuiltIn">
<msg time="2025-02-11T23:37:55.203334" level="INFO">Slept 5 seconds.</msg>
<arg>5s</arg>
<doc>Pauses the test executed for the given time.</doc>
<status status="PASS" start="2025-02-11T23:37:50.202453" elapsed="5.001016"/>
</kw>
<status status="PASS" start="2025-02-11T23:37:47.195443" elapsed="8.008152"/>
</kw>
<kw name="Close the Advertisement" owner="home.steps">
<kw name="Run Keyword And Return Status" owner="BuiltIn">
<kw name="Element Should Be Visible" owner="SeleniumLibrary">
<msg time="2025-02-11T23:37:55.233319" level="INFO">Element 'css=button.a83ed08757.c21c56c305.f38b6daa18.d691166b09.ab98298258.f4552b6561' is displayed.</msg>
<arg>${ADVERTISEMENT_CLOSE_BTN}</arg>
<doc>Verifies that the element identified by ``locator`` is visible.</doc>
<status status="PASS" start="2025-02-11T23:37:55.204242" elapsed="0.029151"/>
</kw>
<msg time="2025-02-11T23:37:55.233487" level="INFO">${is_visible} = True</msg>
<var>${is_visible}</var>
<arg>Element Should Be Visible</arg>
<arg>${ADVERTISEMENT_CLOSE_BTN}</arg>
<doc>Runs the given keyword with given arguments and returns the status as a Boolean value.</doc>
<status status="PASS" start="2025-02-11T23:37:55.204055" elapsed="0.029445"/>
</kw>
<kw name="Run Keyword If" owner="BuiltIn">
<kw name="Handle Pop-up" owner="home.steps">
<kw name="Click Element" owner="SeleniumLibrary">
<msg time="2025-02-11T23:37:55.234045" level="INFO">Clicking element 'css=button.a83ed08757.c21c56c305.f38b6daa18.d691166b09.ab98298258.f4552b6561'.</msg>
<arg>${ADVERTISEMENT_CLOSE_BTN}</arg>
<doc>Click the element identified by ``locator``.</doc>
<status status="PASS" start="2025-02-11T23:37:55.233924" elapsed="0.079248"/>
</kw>
<status status="PASS" start="2025-02-11T23:37:55.233799" elapsed="0.079507"/>
</kw>
<arg>${is_visible}</arg>
<arg>Handle Pop-Up</arg>
<doc>Runs the given keyword with the given arguments, if ``condition`` is true.</doc>
<status status="PASS" start="2025-02-11T23:37:55.233631" elapsed="0.079733"/>
</kw>
<status status="PASS" start="2025-02-11T23:37:55.203811" elapsed="0.109837"/>
</kw>
<kw name="Set Global Variable" owner="BuiltIn">
<msg time="2025-02-11T23:37:55.313999" level="INFO">${URL} = https://www.booking.com/</msg>
<arg>${URL}</arg>
<doc>Makes a variable available globally in all tests and suites.</doc>
<status status="PASS" start="2025-02-11T23:37:55.313808" elapsed="0.000224"/>
</kw>
<return>
<value>${URL}</value>
<status status="PASS" start="2025-02-11T23:37:55.314080" elapsed="0.000047"/>
</return>
<status status="PASS" start="2025-02-11T23:37:43.396403" elapsed="11.917803"/>
</kw>
<test id="s1-t1" name="Scenario: Searching for the departure field" line="14">
<kw name="Given I click on the &quot;Flights&quot; tab" owner="flights.steps">
<kw name="Wait Until Element Is Enabled" owner="SeleniumLibrary">
<arg>${DESTINATION_FIELD}</arg>
<arg>timeout=10</arg>
<doc>Waits until the element ``locator`` is enabled.</doc>
<status status="PASS" start="2025-02-11T23:37:55.315318" elapsed="0.037246"/>
</kw>
<kw name="Click Element" owner="SeleniumLibrary">
<msg time="2025-02-11T23:37:55.352962" level="INFO">Clicking element '//a[@id='flights']'.</msg>
<arg>${FLIGHTS_PAGE}</arg>
<doc>Click the element identified by ``locator``.</doc>
<status status="PASS" start="2025-02-11T23:37:55.352761" elapsed="1.934952"/>
</kw>
<status status="PASS" start="2025-02-11T23:37:55.315058" elapsed="1.972774"/>
</kw>
<kw name="Then I should be redirected to the flights page" owner="flights.steps">
<kw name="Get Location" owner="SeleniumLibrary">
<msg time="2025-02-11T23:37:57.297261" level="INFO">${url} = https://www.booking.com/flights/index.en-us.html?etStateBlob=EgfSYWmm5zymb-np6ZyjUl4MvN262SK3GaSS1JBO4ZUi2xqu8lWEhxLM1I3p4JJkzMSCmjdFRdAM&amp;adplat=www-index-web_shell_header-flight-missing_creative-2w4n...</msg>
<var>${url}</var>
<doc>Returns the current browser window URL.</doc>
<status status="PASS" start="2025-02-11T23:37:57.288734" elapsed="0.008565"/>
</kw>
<kw name="Should Contain" owner="BuiltIn">
<arg>${url}</arg>
<arg>flights</arg>
<doc>Fails if ``container`` does not contain ``item`` one or more times.</doc>
<status status="PASS" start="2025-02-11T23:37:57.297451" elapsed="0.000143"/>
</kw>
<status status="PASS" start="2025-02-11T23:37:57.288495" elapsed="0.009159"/>
</kw>
<kw name="When I click on the departure field" owner="flights.steps">
<kw name="Click Element" owner="SeleniumLibrary">
<msg time="2025-02-11T23:37:57.298390" level="INFO">Clicking element '(//span[contains(@class,'SbZm6')])[1]'.</msg>
<arg>${DEPARTURE_FLIGHT}</arg>
<doc>Click the element identified by ``locator``.</doc>
<status status="PASS" start="2025-02-11T23:37:57.298246" elapsed="0.076018"/>
</kw>
<status status="PASS" start="2025-02-11T23:37:57.298053" elapsed="0.076414"/>
</kw>
<kw name="Then I will see the selected airport or an empty input in the departure field" owner="flights.steps">
<kw name="Get Element Attribute" owner="SeleniumLibrary">
<msg time="2025-02-11T23:37:57.376024" level="WARN">Keyword 'Get Element Attribute' found both from a custom library 'SeleniumLibrary' and a standard library 'XML'. The custom keyword is used. To select explicitly, and to get rid of this warning, use either 'SeleniumLibrary.Get Element Attribute' or 'XML.Get Element Attribute'.</msg>
<msg time="2025-02-11T23:37:57.431611" level="INFO">${destination_text} = Airport or city</msg>
<var>${destination_text}</var>
<arg>${DESTINATION_TO}</arg>
<arg>placeholder</arg>
<doc>Returns the value of ``attribute`` from the element ``locator``.</doc>
<status status="PASS" start="2025-02-11T23:37:57.376119" elapsed="0.055529"/>
</kw>
<kw name="Should Be Equal As Strings" owner="BuiltIn">
<arg>${DESTINATION_MESSAGE}</arg>
<arg>${destination_text}</arg>
<doc>Fails if objects are unequal after converting them to strings.</doc>
<status status="PASS" start="2025-02-11T23:37:57.431816" elapsed="0.000189"/>
</kw>
<kw name="Click Element" owner="SeleniumLibrary">
<msg time="2025-02-11T23:37:57.432245" level="INFO">Clicking element '//span[@class='Tags-module__text___90E7G']'.</msg>
<arg>${DESTINATION_OPTION}</arg>
<doc>Click the element identified by ``locator``.</doc>
<status status="PASS" start="2025-02-11T23:37:57.432111" elapsed="0.149034"/>
</kw>
<kw name="Sleep" owner="BuiltIn">
<msg time="2025-02-11T23:37:59.582090" level="INFO">Slept 2 seconds.</msg>
<arg>2s</arg>
<doc>Pauses the test executed for the given time.</doc>
<status status="PASS" start="2025-02-11T23:37:57.581313" elapsed="2.000978"/>
</kw>
<status status="PASS" start="2025-02-11T23:37:57.375443" elapsed="2.207042"/>
</kw>
<kw name="When I type &quot;I&quot; &quot;S&quot; in the &quot;Where from?&quot; in the departure field" owner="flights.steps" source_name="I type &quot;${I}&quot; &quot;${S}&quot; in the &quot;Where from?&quot; in the departure field">
<kw name="Click Element" owner="SeleniumLibrary">
<msg time="2025-02-11T23:37:59.585073" level="INFO">Clicking element '//input[@placeholder='Airport or city']'.</msg>
<arg>${DESTINATION_TO}</arg>
<doc>Click the element identified by ``locator``.</doc>
<status status="PASS" start="2025-02-11T23:37:59.584718" elapsed="0.127604"/>
</kw>
<kw name="Wait Until Keyword Succeeds" owner="BuiltIn">
<kw name="Press Key" owner="SeleniumLibrary">
<arg>${DESTINATION_TO}</arg>
<arg>${I}</arg>
<doc>Simulates user pressing key on element identified by ``locator``.</doc>
<status status="PASS" start="2025-02-11T23:37:59.712711" elapsed="0.028429"/>
</kw>
<arg>1s</arg>
<arg>2s</arg>
<arg>Press Key</arg>
<arg>${DESTINATION_TO}</arg>
<arg>${I}</arg>
<doc>Runs the specified keyword and retries if it fails.</doc>
<status status="PASS" start="2025-02-11T23:37:59.712505" elapsed="0.028724"/>
</kw>
<kw name="Wait Until Keyword Succeeds" owner="BuiltIn">
<kw name="Press Key" owner="SeleniumLibrary">
<arg>${DESTINATION_TO}</arg>
<arg>${S}</arg>
<doc>Simulates user pressing key on element identified by ``locator``.</doc>
<status status="PASS" start="2025-02-11T23:37:59.741794" elapsed="0.029940"/>
</kw>
<arg>1s</arg>
<arg>2s</arg>
<arg>Press Key</arg>
<arg>${DESTINATION_TO}</arg>
<arg>${S}</arg>
<doc>Runs the specified keyword and retries if it fails.</doc>
<status status="PASS" start="2025-02-11T23:37:59.741397" elapsed="0.030424"/>
</kw>
<kw name="Get Value" owner="SeleniumLibrary">
<msg time="2025-02-11T23:37:59.789903" level="INFO">${input} = IS</msg>
<var>${input}</var>
<arg>${DESTINATION_TO}</arg>
<doc>Returns the value attribute of the element identified by ``locator``.</doc>
<status status="PASS" start="2025-02-11T23:37:59.771960" elapsed="0.017974"/>
</kw>
<kw name="Convert To Lower Case" owner="String">
<msg time="2025-02-11T23:37:59.790206" level="INFO">${input} = is</msg>
<var>${input}</var>
<arg>${input}</arg>
<doc>Converts string to lower case.</doc>
<status status="PASS" start="2025-02-11T23:37:59.790078" elapsed="0.000143"/>
</kw>
<kw name="Set Global Variable" owner="BuiltIn">
<msg time="2025-02-11T23:37:59.790410" level="INFO">${input} = is</msg>
<arg>${input}</arg>
<doc>Makes a variable available globally in all tests and suites.</doc>
<status status="PASS" start="2025-02-11T23:37:59.790304" elapsed="0.000129"/>
</kw>
<return>
<value>${input}</value>
<status status="PASS" start="2025-02-11T23:37:59.790468" elapsed="0.000030"/>
</return>
<kw name="Wait Until Element Is Enabled" owner="SeleniumLibrary">
<arg>${input}</arg>
<arg>timeout=10</arg>
<doc>Waits until the element ``locator`` is enabled.</doc>
<status status="NOT RUN" start="2025-02-11T23:37:59.790572" elapsed="0.000021"/>
</kw>
<status status="PASS" start="2025-02-11T23:37:59.584049" elapsed="0.206610"/>
</kw>
<kw name="Then I should see a list of destinations matching the input" owner="flights.steps">
<kw name="Wait Until Element Is Visible" owner="SeleniumLibrary">
<arg>${DESTINATION_FROM_CITIES}</arg>
<doc>Waits until the element ``locator`` is visible.</doc>
<status status="PASS" start="2025-02-11T23:37:59.791664" elapsed="0.664588"/>
</kw>
<kw name="Get WebElements" owner="SeleniumLibrary">
<msg time="2025-02-11T23:38:00.466782" level="INFO">${destination_from_items} = [&lt;selenium.webdriver.remote.webelement.WebElement (session="a5e4af96699c58d1a1e080760ea4ecf6", element="f.2FE114A86B48D473353FC4EBE1868A5B.d.652D448AA3A3FC61EE1160BF57315C3A.e.448")&gt;, &lt;selenium.webdri...</msg>
<var>${destination_from_items}</var>
<arg>${DESTINATION_FROM_CITIES}</arg>
<doc>Returns a list of WebElement objects matching the ``locator``.</doc>
<status status="PASS" start="2025-02-11T23:38:00.456419" elapsed="0.010396"/>
</kw>
<kw name="Get Length" owner="BuiltIn">
<msg time="2025-02-11T23:38:00.467064" level="INFO">Length is 12.</msg>
<msg time="2025-02-11T23:38:00.467114" level="INFO">${l} = 12</msg>
<var>${l}</var>
<arg>${destination_from_items}</arg>
<doc>Returns and logs the length of the given item as an integer.</doc>
<status status="PASS" start="2025-02-11T23:38:00.466953" elapsed="0.000173"/>
</kw>
<kw name="Set Global Variable" owner="BuiltIn">
<msg time="2025-02-11T23:38:00.467349" level="INFO">@{destination_from_items} = [ &lt;selenium.webdriver.remote.webelement.WebElement (session="a5e4af96699c58d1a1e080760ea4ecf6", element="f.2FE114A86B48D473353FC4EBE1868A5B.d.652D448AA3A3FC61EE1160BF57315C3A.e.448")&gt; | &lt;selenium.webd...</msg>
<arg>@{destination_from_items}</arg>
<doc>Makes a variable available globally in all tests and suites.</doc>
<status status="PASS" start="2025-02-11T23:38:00.467207" elapsed="0.000167"/>
</kw>
<kw name="Set Global Variable" owner="BuiltIn">
<msg time="2025-02-11T23:38:00.467518" level="INFO">${l} = 12</msg>
<arg>${l}</arg>
<doc>Makes a variable available globally in all tests and suites.</doc>
<status status="PASS" start="2025-02-11T23:38:00.467437" elapsed="0.000099"/>
</kw>
<return>
<value>${destination_from_items}</value>
<value>${l}</value>
<status status="PASS" start="2025-02-11T23:38:00.467568" elapsed="0.000029"/>
</return>
<status status="PASS" start="2025-02-11T23:37:59.791367" elapsed="0.676308"/>
</kw>
<kw name="Run Keyword If Test Failed" owner="BuiltIn" type="TEARDOWN">
<arg>Capture Page Screenshot</arg>
<doc>Runs the given keyword with the given arguments, if the test failed.</doc>
<status status="PASS" start="2025-02-11T23:38:00.468444" elapsed="0.000066"/>
</kw>
<doc>Verify the functionality of the departure in the flight search form
Ensure that users can find their desired location</doc>
<tag>High</tag>
<tag>UC-FLIGHTS</tag>
<status status="PASS" start="2025-02-11T23:37:55.314270" elapsed="5.154618"/>
</test>
<test id="s1-t2" name="Scenario: Searching for the destination field" line="27">
<kw name="Given I click on the destination field" owner="flights.steps">
<kw name="Click Element" owner="SeleniumLibrary">
<msg time="2025-02-11T23:38:00.471430" level="INFO">Clicking element '(//span[contains(@class,'7cHHf')])[3]'.</msg>
<arg>${DESTINATION_FLIGHT}</arg>
<doc>Click the element identified by ``locator``.</doc>
<status status="PASS" start="2025-02-11T23:38:00.471302" elapsed="0.103709"/>
</kw>
<status status="PASS" start="2025-02-11T23:38:00.471140" elapsed="0.103984"/>
</kw>
<kw name="Then I will see the selected airport or an empty input in the destination field" owner="flights.steps">
<kw name="Get Element Attribute" owner="SeleniumLibrary">
<msg time="2025-02-11T23:38:00.575982" level="WARN">Keyword 'Get Element Attribute' found both from a custom library 'SeleniumLibrary' and a standard library 'XML'. The custom keyword is used. To select explicitly, and to get rid of this warning, use either 'SeleniumLibrary.Get Element Attribute' or 'XML.Get Element Attribute'.</msg>
<msg time="2025-02-11T23:38:00.600643" level="INFO">${destination_text} = Airport or city</msg>
<var>${destination_text}</var>
<arg>${DESTINATION_TO}</arg>
<arg>placeholder</arg>
<doc>Returns the value of ``attribute`` from the element ``locator``.</doc>
<status status="PASS" start="2025-02-11T23:38:00.576044" elapsed="0.024634"/>
</kw>
<kw name="Should Be Equal As Strings" owner="BuiltIn">
<arg>${DESTINATION_MESSAGE}</arg>
<arg>${destination_text}</arg>
<doc>Fails if objects are unequal after converting them to strings.</doc>
<status status="PASS" start="2025-02-11T23:38:00.600859" elapsed="0.000268"/>
</kw>
<kw name="Sleep" owner="BuiltIn">
<msg time="2025-02-11T23:38:02.601737" level="INFO">Slept 2 seconds.</msg>
<arg>2s</arg>
<doc>Pauses the test executed for the given time.</doc>
<status status="PASS" start="2025-02-11T23:38:00.601261" elapsed="2.000594"/>
</kw>
<status status="PASS" start="2025-02-11T23:38:00.575692" elapsed="2.026289"/>
</kw>
<kw name="When I type &quot;P&quot; &quot;A&quot; in the &quot;Where to?&quot; destination field" owner="flights.steps" source_name="I type &quot;${I}&quot; &quot;${S}&quot; in the &quot;Where to?&quot; destination field">
<kw name="Click Element" owner="SeleniumLibrary">
<msg time="2025-02-11T23:38:02.603022" level="INFO">Clicking element '//input[@placeholder='Airport or city']'.</msg>
<arg>${DESTINATION_TO}</arg>
<doc>Click the element identified by ``locator``.</doc>
<status status="PASS" start="2025-02-11T23:38:02.602863" elapsed="0.085087"/>
</kw>
<kw name="Wait Until Keyword Succeeds" owner="BuiltIn">
<kw name="Press Key" owner="SeleniumLibrary">
<arg>${DESTINATION_TO}</arg>
<arg>${I}</arg>
<doc>Simulates user pressing key on element identified by ``locator``.</doc>
<status status="PASS" start="2025-02-11T23:38:02.688338" elapsed="0.035027"/>
</kw>
<arg>1s</arg>
<arg>2s</arg>
<arg>Press Key</arg>
<arg>${DESTINATION_TO}</arg>
<arg>${I}</arg>
<doc>Runs the specified keyword and retries if it fails.</doc>
<status status="PASS" start="2025-02-11T23:38:02.688131" elapsed="0.035324"/>
</kw>
<kw name="Wait Until Keyword Succeeds" owner="BuiltIn">
<kw name="Press Key" owner="SeleniumLibrary">
<arg>${DESTINATION_TO}</arg>
<arg>${S}</arg>
<doc>Simulates user pressing key on element identified by ``locator``.</doc>
<status status="PASS" start="2025-02-11T23:38:02.723822" elapsed="0.029830"/>
</kw>
<arg>1s</arg>
<arg>2s</arg>
<arg>Press Key</arg>
<arg>${DESTINATION_TO}</arg>
<arg>${S}</arg>
<doc>Runs the specified keyword and retries if it fails.</doc>
<status status="PASS" start="2025-02-11T23:38:02.723601" elapsed="0.030139"/>
</kw>
<kw name="Get Value" owner="SeleniumLibrary">
<msg time="2025-02-11T23:38:02.765226" level="INFO">${input} = PA</msg>
<var>${input}</var>
<arg>${DESTINATION_TO}</arg>
<doc>Returns the value attribute of the element identified by ``locator``.</doc>
<status status="PASS" start="2025-02-11T23:38:02.753883" elapsed="0.011379"/>
</kw>
<kw name="Convert To Lower Case" owner="String">
<msg time="2025-02-11T23:38:02.765579" level="INFO">${input} = pa</msg>
<var>${input}</var>
<arg>${input}</arg>
<doc>Converts string to lower case.</doc>
<status status="PASS" start="2025-02-11T23:38:02.765428" elapsed="0.000170"/>
</kw>
<kw name="Set Global Variable" owner="BuiltIn">
<msg time="2025-02-11T23:38:02.765838" level="INFO">${input} = pa</msg>
<arg>${input}</arg>
<doc>Makes a variable available globally in all tests and suites.</doc>
<status status="PASS" start="2025-02-11T23:38:02.765710" elapsed="0.000154"/>
</kw>
<return>
<value>${input}</value>
<status status="PASS" start="2025-02-11T23:38:02.765907" elapsed="0.000035"/>
</return>
<kw name="Wait Until Element Is Enabled" owner="SeleniumLibrary">
<arg>${input}</arg>
<arg>timeout=10</arg>
<doc>Waits until the element ``locator`` is enabled.</doc>
<status status="NOT RUN" start="2025-02-11T23:38:02.766043" elapsed="0.000018"/>
</kw>
<status status="PASS" start="2025-02-11T23:38:02.602594" elapsed="0.163544"/>
</kw>
<kw name="Then I should see a list of destinations matching the input" owner="flights.steps">
<kw name="Wait Until Element Is Visible" owner="SeleniumLibrary">
<arg>${DESTINATION_FROM_CITIES}</arg>
<doc>Waits until the element ``locator`` is visible.</doc>
<status status="PASS" start="2025-02-11T23:38:02.766909" elapsed="0.638929"/>
</kw>
<kw name="Get WebElements" owner="SeleniumLibrary">
<msg time="2025-02-11T23:38:03.415410" level="INFO">${destination_from_items} = [&lt;selenium.webdriver.remote.webelement.WebElement (session="a5e4af96699c58d1a1e080760ea4ecf6", element="f.2FE114A86B48D473353FC4EBE1868A5B.d.652D448AA3A3FC61EE1160BF57315C3A.e.479")&gt;, &lt;selenium.webdri...</msg>
<var>${destination_from_items}</var>
<arg>${DESTINATION_FROM_CITIES}</arg>
<doc>Returns a list of WebElement objects matching the ``locator``.</doc>
<status status="PASS" start="2025-02-11T23:38:03.406030" elapsed="0.009475"/>
</kw>
<kw name="Get Length" owner="BuiltIn">
<msg time="2025-02-11T23:38:03.415898" level="INFO">Length is 13.</msg>
<msg time="2025-02-11T23:38:03.415961" level="INFO">${l} = 13</msg>
<var>${l}</var>
<arg>${destination_from_items}</arg>
<doc>Returns and logs the length of the given item as an integer.</doc>
<status status="PASS" start="2025-02-11T23:38:03.415725" elapsed="0.000252"/>
</kw>
<kw name="Set Global Variable" owner="BuiltIn">
<msg time="2025-02-11T23:38:03.416269" level="INFO">@{destination_from_items} = [ &lt;selenium.webdriver.remote.webelement.WebElement (session="a5e4af96699c58d1a1e080760ea4ecf6", element="f.2FE114A86B48D473353FC4EBE1868A5B.d.652D448AA3A3FC61EE1160BF57315C3A.e.479")&gt; | &lt;selenium.webd...</msg>
<arg>@{destination_from_items}</arg>
<doc>Makes a variable available globally in all tests and suites.</doc>
<status status="PASS" start="2025-02-11T23:38:03.416090" elapsed="0.000208"/>
</kw>
<kw name="Set Global Variable" owner="BuiltIn">
<msg time="2025-02-11T23:38:03.416499" level="INFO">${l} = 13</msg>
<arg>${l}</arg>
<doc>Makes a variable available globally in all tests and suites.</doc>
<status status="PASS" start="2025-02-11T23:38:03.416386" elapsed="0.000139"/>
</kw>
<return>
<value>${destination_from_items}</value>
<value>${l}</value>
<status status="PASS" start="2025-02-11T23:38:03.416570" elapsed="0.000042"/>
</return>
<status status="PASS" start="2025-02-11T23:38:02.766636" elapsed="0.650088"/>
</kw>
<kw name="Run Keyword If Test Failed" owner="BuiltIn" type="TEARDOWN">
<arg>Capture Page Screenshot</arg>
<doc>Runs the given keyword with the given arguments, if the test failed.</doc>
<status status="PASS" start="2025-02-11T23:38:03.417433" elapsed="0.000116"/>
</kw>
<doc>Verify the functionality of the destination in the flight search form
Ensure that users can find their desired location</doc>
<tag>High</tag>
<tag>UC-FLIGHTS</tag>
<status status="PASS" start="2025-02-11T23:38:00.470570" elapsed="2.947407"/>
</test>
<test id="s1-t3" name="Scenario: Switch origin and return destinations" line="38">
<kw name="Given I click on the switch button" owner="flights.steps">
<kw name="Get Text" owner="SeleniumLibrary">
<msg time="2025-02-11T23:38:03.441959" level="INFO">${departure_before} = Where from?</msg>
<var>${departure_before}</var>
<arg>${DEPARTURE_FLIGHT}</arg>
<doc>Returns the text value of the element identified by ``locator``.</doc>
<status status="PASS" start="2025-02-11T23:38:03.420266" elapsed="0.021748"/>
</kw>
<kw name="Set Global Variable" owner="BuiltIn">
<msg time="2025-02-11T23:38:03.442504" level="INFO">${departure_before} = Where from?</msg>
<arg>${departure_before}</arg>
<doc>Makes a variable available globally in all tests and suites.</doc>
<status status="PASS" start="2025-02-11T23:38:03.442255" elapsed="0.000290"/>
</kw>
<kw name="Get Text" owner="SeleniumLibrary">
<msg time="2025-02-11T23:38:03.459045" level="INFO">${destination_before} = Where to?</msg>
<var>${destination_before}</var>
<arg>${DESTINATION_FLIGHT}</arg>
<doc>Returns the text value of the element identified by ``locator``.</doc>
<status status="PASS" start="2025-02-11T23:38:03.442687" elapsed="0.016427"/>
</kw>
<kw name="Set Global Variable" owner="BuiltIn">
<msg time="2025-02-11T23:38:03.459542" level="INFO">${destination_before} = Where to?</msg>
<arg>${destination_before}</arg>
<doc>Makes a variable available globally in all tests and suites.</doc>
<status status="PASS" start="2025-02-11T23:38:03.459326" elapsed="0.000261"/>
</kw>
<kw name="Click Element" owner="SeleniumLibrary">
<msg time="2025-02-11T23:38:03.459967" level="INFO">Clicking element 'css=.ButtonFlip-module__flipIcon___2sPKY &gt; svg'.</msg>
<arg>${SWITCH_BUTTON}</arg>
<doc>Click the element identified by ``locator``.</doc>
<status status="PASS" start="2025-02-11T23:38:03.459719" elapsed="0.068225"/>
</kw>
<status status="PASS" start="2025-02-11T23:38:03.420002" elapsed="0.108082"/>
</kw>
<kw name="Then I should see that the destination and departure are switched" owner="flights.steps">
<kw name="Get Text" owner="SeleniumLibrary">
<msg time="2025-02-11T23:38:03.548957" level="INFO">${departure_after} = Where from?</msg>
<var>${departure_after}</var>
<arg>${DEPARTURE_FLIGHT}</arg>
<doc>Returns the text value of the element identified by ``locator``.</doc>
<status status="PASS" start="2025-02-11T23:38:03.529047" elapsed="0.019957"/>
</kw>
<kw name="Get Text" owner="SeleniumLibrary">
<msg time="2025-02-11T23:38:03.563558" level="INFO">${destination_after} = Where to?</msg>
<var>${destination_after}</var>
<arg>${DESTINATION_FLIGHT}</arg>
<doc>Returns the text value of the element identified by ``locator``.</doc>
<status status="PASS" start="2025-02-11T23:38:03.549151" elapsed="0.014439"/>
</kw>
<kw name="Should Be Equal" owner="BuiltIn">
<msg time="2025-02-11T23:38:03.563942" level="FAIL">Where from? != Where to?</msg>
<arg>${departure_before}</arg>
<arg>${destination_after}</arg>
<doc>Fails if the given objects are unequal.</doc>
<status status="FAIL" start="2025-02-11T23:38:03.563735" elapsed="0.000331">Where from? != Where to?</status>
</kw>
<kw name="Should Be Equal" owner="BuiltIn">
<arg>${destination_before}</arg>
<arg>${departure_after}</arg>
<doc>Fails if the given objects are unequal.</doc>
<status status="NOT RUN" start="2025-02-11T23:38:03.564188" elapsed="0.000016"/>
</kw>
<status status="FAIL" start="2025-02-11T23:38:03.528686" elapsed="0.035595">Where from? != Where to?</status>
</kw>
<kw name="Run Keyword If Test Failed" owner="BuiltIn" type="TEARDOWN">
<kw name="Capture Page Screenshot" owner="SeleniumLibrary">
<msg time="2025-02-11T23:38:03.775164" level="INFO" html="true">&lt;/td&gt;&lt;/tr&gt;&lt;tr&gt;&lt;td colspan="3"&gt;&lt;a href="selenium-screenshot-8.png"&gt;&lt;img src="selenium-screenshot-8.png" width="800px"&gt;&lt;/a&gt;</msg>
<doc>Takes a screenshot of the current page and embeds it into a log file.</doc>
<status status="PASS" start="2025-02-11T23:38:03.564870" elapsed="0.210469"/>
</kw>
<arg>Capture Page Screenshot</arg>
<doc>Runs the given keyword with the given arguments, if the test failed.</doc>
<status status="PASS" start="2025-02-11T23:38:03.564754" elapsed="0.210705"/>
</kw>
<doc>Ensure that the destination and departure fields have been switched or not</doc>
<tag>High</tag>
<tag>UC-FLIGHTS</tag>
<status status="FAIL" start="2025-02-11T23:38:03.419393" elapsed="0.356887">Where from? != Where to?</status>
</test>
<kw name="Close All Browsers" owner="SeleniumLibrary" type="TEARDOWN">
<doc>Closes all open browsers and resets the browser cache.</doc>
<status status="PASS" start="2025-02-11T23:38:03.778568" elapsed="2.234486"/>
</kw>
<status status="FAIL" start="2025-02-11T23:37:43.016955" elapsed="22.996289"/>
</suite>
<statistics>
<total>
<stat pass="2" fail="1" skip="0">All Tests</stat>
</total>
<tag>
<stat pass="2" fail="1" skip="0">High</stat>
<stat pass="2" fail="1" skip="0">UC-FLIGHTS</stat>
</tag>
<suite>
<stat pass="2" fail="1" skip="0" id="s1" name="Flights.Feature">Flights.Feature</stat>
</suite>
</statistics>
<errors>
<msg time="2025-02-11T23:37:57.376024" level="WARN">Keyword 'Get Element Attribute' found both from a custom library 'SeleniumLibrary' and a standard library 'XML'. The custom keyword is used. To select explicitly, and to get rid of this warning, use either 'SeleniumLibrary.Get Element Attribute' or 'XML.Get Element Attribute'.</msg>
<msg time="2025-02-11T23:38:00.575982" level="WARN">Keyword 'Get Element Attribute' found both from a custom library 'SeleniumLibrary' and a standard library 'XML'. The custom keyword is used. To select explicitly, and to get rid of this warning, use either 'SeleniumLibrary.Get Element Attribute' or 'XML.Get Element Attribute'.</msg>
</errors>
</robot>
